#
# There is insufficient memory for the Java Runtime Environment to continue.
# Native memory allocation (mmap) failed to map 132120576 bytes for G1 virtual space
# Possible reasons:
#   The system is out of physical RAM or swap space
#   The process is running with CompressedOops enabled, and the Java Heap may be blocking the growth of the native heap
# Possible solutions:
#   Reduce memory load on the system
#   Increase physical memory or swap space
#   Check if swap backing store is full
#   Decrease Java heap size (-Xmx/-Xms)
#   Decrease number of Java threads
#   Decrease Java thread stack sizes (-Xss)
#   Set larger code cache with -XX:ReservedCodeCacheSize=
#   JVM is running with Unscaled Compressed Oops mode in which the Java heap is
#     placed in the first 4GB address space. The Java Heap base address is the
#     maximum limit for the native heap growth. Please use -XX:HeapBaseMinAddress
#     to set the Java Heap base and to place the Java Heap above 4GB virtual address.
# This output file may be truncated or incomplete.
#
#  Out of Memory Error (os_windows.cpp:3552), pid=37436, tid=37256
#
# JRE version:  (17.0.9+11) (build )
# Java VM: Java HotSpot(TM) 64-Bit Server VM (17.0.9+11-LTS-201, mixed mode, sharing, tiered, compressed oops, compressed class ptrs, g1 gc, windows-amd64)
# No core dump will be written. Minidumps are not enabled by default on client versions of Windows
#

---------------  S U M M A R Y ------------

Command Line: -Dfile.encoding=UTF-8 --module-path=C:\Users\muzib\Desktop\University Management System\University Management System\build\classes university.management.system.ExaminationDetails

Host: Intel(R) Core(TM) i5-8300H CPU @ 2.30GHz, 8 cores, 7G,  Windows 10 , 64 bit Build 19041 (10.0.19041.3155)
Time: Wed Nov  8 00:53:49 2023 India Standard Time elapsed time: 0.014019 seconds (0d 0h 0m 0s)

---------------  T H R E A D  ---------------

Current thread (0x000001d281dc4330):  JavaThread "Unknown thread" [_thread_in_vm, id=37256, stack(0x0000006862d00000,0x0000006862e00000)]

Stack: [0x0000006862d00000,0x0000006862e00000]
Native frames: (J=compiled Java code, j=interpreted, Vv=VM code, C=native code)
V  [jvm.dll+0x678a4a]
V  [jvm.dll+0x7d9cfd]
V  [jvm.dll+0x7db60e]
V  [jvm.dll+0x7dbc73]
V  [jvm.dll+0x245e1f]
V  [jvm.dll+0x6758f9]
V  [jvm.dll+0x66a2a2]
V  [jvm.dll+0x303686]
V  [jvm.dll+0x30ac06]
V  [jvm.dll+0x35a48e]
V  [jvm.dll+0x35a6bf]
V  [jvm.dll+0x2da678]
V  [jvm.dll+0x2db5e4]
V  [jvm.dll+0x7ab6b1]
V  [jvm.dll+0x368041]
V  [jvm.dll+0x78a749]
V  [jvm.dll+0x3ebd4f]
V  [jvm.dll+0x3ed7d1]
C  [jli.dll+0x5297]
C  [ucrtbase.dll+0x21bb2]
C  [KERNEL32.DLL+0x17614]
C  [ntdll.dll+0x526b1]


---------------  P R O C E S S  ---------------

Threads class SMR info:
_java_thread_list=0x00007ffcdcdd89d8, length=0, elements={
}

Java Threads: ( => current thread )

Other Threads:
  0x000001d281e1f280 GCTaskThread "GC Thread#0" [stack: 0x0000006862e00000,0x0000006862f00000] [id=37384]
  0x000001d281e6e010 ConcurrentGCThread "G1 Main Marker" [stack: 0x0000006862f00000,0x0000006863000000] [id=34084]
  0x000001d281e6f9d0 ConcurrentGCThread "G1 Conc#0" [stack: 0x0000006863000000,0x0000006863100000] [id=37588]

[error occurred during error reporting (printing all threads), id 0xc0000005, EXCEPTION_ACCESS_VIOLATION (0xc0000005) at pc=0x00007ffcdc60b2d7]

VM state: not at safepoint (not fully initialized)

VM Mutex/Monitor currently owned by a thread:  ([mutex/lock_event])
[0x000001d281dbf3a0] Heap_lock - owner thread: 0x000001d281dc4330

Heap address: 0x0000000082600000, size: 2010 MB, Compressed Oops mode: 32-bit

CDS archive(s) mapped at: [0x0000000000000000-0x0000000000000000-0x0000000000000000), size 0, SharedBaseAddress: 0x0000000800000000, ArchiveRelocationMode: 1.
Narrow klass base: 0x0000000000000000, Narrow klass shift: 0, Narrow klass range: 0x0

GC Precious Log:
<Empty>

Heap:
 garbage-first heap   total 0K, used 0K [0x0000000082600000, 0x0000000100000000)
  region size 1024K, 0 young (0K), 0 survivors (0K)

[error occurred during error reporting (printing heap information), id 0xc0000005, EXCEPTION_ACCESS_VIOLATION (0xc0000005) at pc=0x00007ffcdc9f2229]

GC Heap History (0 events):
No events

Deoptimization events (0 events):
No events

Classes unloaded (0 events):
No events

Classes redefined (0 events):
No events

Internal exceptions (0 events):
No events

VM Operations (0 events):
No events

Events (1 events):
Event: 0.010 Loaded shared library C:\Program Files\Java\jdk-17\bin\java.dll


Dynamic libraries:
0x00007ff668e70000 - 0x00007ff668e80000 	C:\Program Files\Java\jdk-17\bin\java.exe
0x00007ffd4fc30000 - 0x00007ffd4fe28000 	C:\WINDOWS\SYSTEM32\ntdll.dll
0x00007ffd19e10000 - 0x00007ffd19e29000 	C:\Program Files\AVG\Antivirus\aswhook.dll
0x00007ffd4f270000 - 0x00007ffd4f32f000 	C:\WINDOWS\System32\KERNEL32.DLL
0x00007ffd4d310000 - 0x00007ffd4d606000 	C:\WINDOWS\System32\KERNELBASE.dll
0x00007ffd4db90000 - 0x00007ffd4dc90000 	C:\WINDOWS\System32\ucrtbase.dll
0x00007ffd3e9a0000 - 0x00007ffd3e9b9000 	C:\Program Files\Java\jdk-17\bin\jli.dll
0x00007ffd31210000 - 0x00007ffd3122b000 	C:\Program Files\Java\jdk-17\bin\VCRUNTIME140.dll
0x00007ffd4fb40000 - 0x00007ffd4fbef000 	C:\WINDOWS\System32\ADVAPI32.dll
0x00007ffd4f940000 - 0x00007ffd4f9de000 	C:\WINDOWS\System32\msvcrt.dll
0x00007ffd4dd60000 - 0x00007ffd4ddfc000 	C:\WINDOWS\System32\sechost.dll
0x00007ffd4f330000 - 0x00007ffd4f456000 	C:\WINDOWS\System32\RPCRT4.dll
0x00007ffd4ee50000 - 0x00007ffd4efed000 	C:\WINDOWS\System32\USER32.dll
0x00007ffd4dad0000 - 0x00007ffd4daf2000 	C:\WINDOWS\System32\win32u.dll
0x00007ffd335b0000 - 0x00007ffd3384a000 	C:\WINDOWS\WinSxS\amd64_microsoft.windows.common-controls_6595b64144ccf1df_6.0.19041.1110_none_60b5254171f9507e\COMCTL32.dll
0x00007ffd4f9e0000 - 0x00007ffd4fa0c000 	C:\WINDOWS\System32\GDI32.dll
0x00007ffd4d610000 - 0x00007ffd4d725000 	C:\WINDOWS\System32\gdi32full.dll
0x00007ffd4da30000 - 0x00007ffd4dacd000 	C:\WINDOWS\System32\msvcp_win.dll
0x00007ffd468b0000 - 0x00007ffd468ba000 	C:\WINDOWS\SYSTEM32\VERSION.dll
0x00007ffd4fa70000 - 0x00007ffd4faa0000 	C:\WINDOWS\System32\IMM32.DLL
0x00007ffd42ec0000 - 0x00007ffd42ecc000 	C:\Program Files\Java\jdk-17\bin\vcruntime140_1.dll
0x00007ffd0ccb0000 - 0x00007ffd0cd3e000 	C:\Program Files\Java\jdk-17\bin\msvcp140.dll
0x00007ffcdc320000 - 0x00007ffcdcf01000 	C:\Program Files\Java\jdk-17\bin\server\jvm.dll
0x00007ffd4f150000 - 0x00007ffd4f158000 	C:\WINDOWS\System32\PSAPI.DLL
0x00007ffd38670000 - 0x00007ffd38679000 	C:\WINDOWS\SYSTEM32\WSOCK32.dll
0x00007ffd38e80000 - 0x00007ffd38ea7000 	C:\WINDOWS\SYSTEM32\WINMM.dll
0x00007ffd4fab0000 - 0x00007ffd4fb1b000 	C:\WINDOWS\System32\WS2_32.dll
0x00007ffd4b170000 - 0x00007ffd4b182000 	C:\WINDOWS\SYSTEM32\kernel.appcore.dll
0x00007ffd3e220000 - 0x00007ffd3e22a000 	C:\Program Files\Java\jdk-17\bin\jimage.dll
0x00007ffd434d0000 - 0x00007ffd436b4000 	C:\WINDOWS\SYSTEM32\DBGHELP.DLL
0x00007ffd43350000 - 0x00007ffd43384000 	C:\WINDOWS\SYSTEM32\dbgcore.DLL
0x00007ffd4db00000 - 0x00007ffd4db82000 	C:\WINDOWS\System32\bcryptPrimitives.dll
0x00007ffd311c0000 - 0x00007ffd311e5000 	C:\Program Files\Java\jdk-17\bin\java.dll

dbghelp: loaded successfully - version: 4.0.5 - missing functions: none
symbol engine: initialized successfully - sym options: 0x614 - pdb path: .;C:\Program Files\Java\jdk-17\bin;C:\WINDOWS\SYSTEM32;C:\Program Files\AVG\Antivirus;C:\WINDOWS\WinSxS\amd64_microsoft.windows.common-controls_6595b64144ccf1df_6.0.19041.1110_none_60b5254171f9507e;C:\Program Files\Java\jdk-17\bin\server

VM Arguments:
jvm_args: -Dfile.encoding=UTF-8 --module-path=C:\Users\muzib\Desktop\University Management System\University Management System\build\classes 
java_command: university.management.system.ExaminationDetails
java_class_path (initial): C:\Users\muzib\Downloads\mysql-connector-java-8.0.28.jar;C:\Users\muzib\Downloads\jcalendar-tz-1.3.3-4.jar;C:\Users\muzib\Downloads\rs2xml.jar;C:\Users\muzib\Desktop\University Management System\University Management System\build\classes
Launcher Type: SUN_STANDARD

[Global flags]
     intx CICompilerCount                          = 4                                         {product} {ergonomic}
     uint ConcGCThreads                            = 2                                         {product} {ergonomic}
     uint G1ConcRefinementThreads                  = 8                                         {product} {ergonomic}
   size_t G1HeapRegionSize                         = 1048576                                   {product} {ergonomic}
    uintx GCDrainStackTargetSize                   = 64                                        {product} {ergonomic}
   size_t InitialHeapSize                          = 132120576                                 {product} {ergonomic}
   size_t MarkStackSize                            = 4194304                                   {product} {ergonomic}
   size_t MaxHeapSize                              = 2107637760                                {product} {ergonomic}
   size_t MinHeapDeltaBytes                        = 1048576                                   {product} {ergonomic}
   size_t MinHeapSize                              = 8388608                                   {product} {ergonomic}
    uintx NonNMethodCodeHeapSize                   = 5839372                                {pd product} {ergonomic}
    uintx NonProfiledCodeHeapSize                  = 122909434                              {pd product} {ergonomic}
    uintx ProfiledCodeHeapSize                     = 122909434                              {pd product} {ergonomic}
    uintx ReservedCodeCacheSize                    = 251658240                              {pd product} {ergonomic}
     bool SegmentedCodeCache                       = true                                      {product} {ergonomic}
   size_t SoftMaxHeapSize                          = 2107637760                             {manageable} {ergonomic}
     bool UseCompressedClassPointers               = true                           {product lp64_product} {ergonomic}
     bool UseCompressedOops                        = true                           {product lp64_product} {ergonomic}
     bool UseG1GC                                  = true                                      {product} {ergonomic}
     bool UseLargePagesIndividualAllocation        = false                                  {pd product} {ergonomic}

Logging:
Log output configuration:
 #0: stdout all=warning uptime,level,tags
 #1: stderr all=off uptime,level,tags

Environment Variables:
PATH=C:\Program Files\Common Files\Oracle\Java\javapath;C:\Program Files (x86)\Common Files\Oracle\Java\javapath;D:\app\Muzaffar\product\11.2.0\dbhome_1\bin;C:\ProgramData\Oracle\Java\javapath;C:\Windows\system32;C:\Windows;C:\Windows\System32\Wbem;C:\Windows\System32\WindowsPowerShell\v1.0\;C:\Windows\System32\OpenSSH\;C:\Program Files (x86)\Intel\Intel(R) Management Engine Components\DAL;C:\Program Files\Intel\Intel(R) Management Engine Components\DAL;C:\ProgramData\chocolatey\bin;C:\Program Files\MongoDB\Server\4.2\bin;C:\xampp\php;C:\xampp\mysql\bin;C:\Program Files (x86)\Windows Live\Shared;C:\Program Files\Java\jdk1.8.0_111\bin;C:\ProgramData\ComposerSetup\bin;C:\Program Files\nodejs;C:\Program Files\Git\cmd;C:\Program Files\VideoLAN\VLC;C:\Program Files\NVIDIA GPU Computing Toolkit\CUDA\v11.0\extras\CUPTI\lib64;C:\Program Files\NVIDIA GPU Computing Toolkit\CUDA\v11.0\cuda\bin;D:\Program Files\Graphviz\bin;C:\WINDOWS\system32;C:\WINDOWS;C:\WINDOWS\System32\Wbem;C:\WINDOWS\System32\WindowsPowerShell\v1.0\;C:\WINDOWS\System32\OpenSSH\;C:\Program Files (x86)\Vim\vim82\;C:\Program Files\PostgreSQL\13\bin;C:\Program Files\NVIDIA Corporation\NVIDIA NvDLISR;C:\Program Files (x86)\NVIDIA Corporation\PhysX\Common;C:\Program Files\Docker\Docker\resources\bin;C:\ProgramData\DockerDesktop\version-bin;C:\Program Files\dotnet\;C:\Program Files\nodejs\;C:\MinGW\bin;C:\Users\muzib\AppData\Local\Programs\Python\Python310\Scripts\;C:\Users\muzib\AppData\Local\Programs\Python\Python310\;C:\Users\muzib\AppData\Local\Microsoft\WindowsApps;C:\Users\muzib\AppData\Local\Programs\Microsoft VS Code\bin
USERNAME=muzib
OS=Windows_NT
PROCESSOR_IDENTIFIER=Intel64 Family 6 Model 158 Stepping 10, GenuineIntel



---------------  S Y S T E M  ---------------

OS:
 Windows 10 , 64 bit Build 19041 (10.0.19041.3155)
OS uptime: 34 days 4:28 hours
Hyper-V role detected

CPU: total 8 (initial active 8) (4 cores per cpu, 2 threads per core) family 6 model 158 stepping 10 microcode 0xb4, cx8, cmov, fxsr, ht, mmx, 3dnowpref, sse, sse2, sse3, ssse3, sse4.1, sse4.2, popcnt, lzcnt, tsc, tscinvbit, avx, avx2, aes, erms, clmul, bmi1, bmi2, adx, fma, vzeroupper, clflush, clflushopt, hv

Memory: 4k page, system-wide physical 8034M (527M free)
TotalPageFile size 29525M (AvailPageFile size 96M)
current process WorkingSet (physical memory assigned to process): 10M, peak: 10M
current process commit charge ("private bytes"): 60M, peak: 186M

vm_info: Java HotSpot(TM) 64-Bit Server VM (17.0.9+11-LTS-201) for windows-amd64 JRE (17.0.9+11-LTS-201), built on Oct 10 2023 23:16:06 by "mach5one" with MS VC++ 17.1 (VS2022)

END.
